<?xml version="1.0" encoding="UTF-8"?>
<testsuite xmlns:xsi="http://www.w3.org/2001/XMLSchema-instance" xsi:noNamespaceSchemaLocation="https://maven.apache.org/surefire/maven-surefire-plugin/xsd/surefire-test-report-3.0.xsd" version="3.0" name="com.evotie.email_ms.EmailMsApplicationTests" time="59.344" tests="1" errors="0" skipped="0" failures="0">
  <properties>
[...]
</properties>
  <testcase name="contextLoads" classname="com.evotie.email_ms.EmailMsApplicationTests" time="1.207">
    <system-out><![CDATA[12:37:00.650 [main] INFO org.springframework.test.context.support.AnnotationConfigContextLoaderUtils -- Could not detect default configuration classes for test class [com.evotie.email_ms.EmailMsApplicationTests]: EmailMsApplicationTests does not declare any static, non-private, non-final, nested classes annotated with @Configuration.
12:37:00.893 [main] INFO org.springframework.boot.test.context.SpringBootTestContextBootstrapper -- Found @SpringBootConfiguration com.evotie.email_ms.EmailMsApplication for test class com.evotie.email_ms.EmailMsApplicationTests

  .   ____          _            __ _ _
 /\\ / ___'_ __ _ _(_)_ __  __ _ \ \ \ \
( ( )\___ | '_ | '_| | '_ \/ _` | \ \ \ \
 \\/  ___)| |_)| | | | | || (_| |  ) ) ) )
  '  |____| .__|_| |_|_| |_\__, | / / / /
 =========|_|==============|___/=/_/_/_/

 :: Spring Boot ::                (v3.3.1)

2024-11-01T12:37:01.856+05:30  INFO 39168 --- [Email_ms] [           main] c.e.email_ms.EmailMsApplicationTests     : Starting EmailMsApplicationTests using Java 17.0.10 with PID 39168 (started by ASUS in E:\31First Sem\E-Votie-Backend\Email_ms)
2024-11-01T12:37:01.862+05:30  INFO 39168 --- [Email_ms] [           main] c.e.email_ms.EmailMsApplicationTests     : No active profile set, falling back to 1 default profile: "default"
2024-11-01T12:37:03.354+05:30  INFO 39168 --- [Email_ms] [           main] .s.d.r.c.RepositoryConfigurationDelegate : Bootstrapping Spring Data JPA repositories in DEFAULT mode.
2024-11-01T12:37:03.470+05:30  INFO 39168 --- [Email_ms] [           main] .s.d.r.c.RepositoryConfigurationDelegate : Finished Spring Data repository scanning in 98 ms. Found 1 JPA repository interface.
2024-11-01T12:37:04.665+05:30  INFO 39168 --- [Email_ms] [           main] o.hibernate.jpa.internal.util.LogHelper  : HHH000204: Processing PersistenceUnitInfo [name: default]
2024-11-01T12:37:04.828+05:30  INFO 39168 --- [Email_ms] [           main] org.hibernate.Version                    : HHH000412: Hibernate ORM core version 6.5.2.Final
2024-11-01T12:37:04.922+05:30  INFO 39168 --- [Email_ms] [           main] o.h.c.internal.RegionFactoryInitiator    : HHH000026: Second-level cache disabled
2024-11-01T12:37:05.892+05:30  INFO 39168 --- [Email_ms] [           main] o.s.o.j.p.SpringPersistenceUnitInfo      : No LoadTimeWeaver setup: ignoring JPA class transformer
2024-11-01T12:37:05.959+05:30  INFO 39168 --- [Email_ms] [           main] com.zaxxer.hikari.HikariDataSource       : HikariPool-1 - Starting...
2024-11-01T12:37:11.820+05:30  INFO 39168 --- [Email_ms] [           main] com.zaxxer.hikari.pool.HikariPool        : HikariPool-1 - Added connection org.postgresql.jdbc.PgConnection@51e94b7d
2024-11-01T12:37:11.823+05:30  INFO 39168 --- [Email_ms] [           main] com.zaxxer.hikari.HikariDataSource       : HikariPool-1 - Start completed.
2024-11-01T12:37:11.973+05:30  WARN 39168 --- [Email_ms] [           main] org.hibernate.orm.deprecation            : HHH90000025: PostgreSQLDialect does not need to be specified explicitly using 'hibernate.dialect' (remove the property setting and it will be selected by default)
2024-11-01T12:37:13.992+05:30  INFO 39168 --- [Email_ms] [           main] o.h.e.t.j.p.i.JtaPlatformInitiator       : HHH000489: No JTA platform available (set 'hibernate.transaction.jta.platform' to enable JTA platform integration)
2024-11-01T12:37:14.838+05:30  INFO 39168 --- [Email_ms] [           main] j.LocalContainerEntityManagerFactoryBean : Initialized JPA EntityManagerFactory for persistence unit 'default'
2024-11-01T12:37:16.413+05:30  WARN 39168 --- [Email_ms] [           main] JpaBaseConfiguration$JpaWebConfiguration : spring.jpa.open-in-view is enabled by default. Therefore, database queries may be performed during view rendering. Explicitly configure spring.jpa.open-in-view to disable this warning
2024-11-01T12:37:17.637+05:30  INFO 39168 --- [Email_ms] [           main] o.a.k.clients.admin.AdminClientConfig    : AdminClientConfig values: 
	auto.include.jmx.reporter = true
	bootstrap.controllers = []
	bootstrap.servers = [localhost:9092]
	client.dns.lookup = use_all_dns_ips
	client.id = Email_ms-admin-0
	connections.max.idle.ms = 300000
	default.api.timeout.ms = 60000
	enable.metrics.push = true
	metadata.max.age.ms = 300000
	metric.reporters = []
	metrics.num.samples = 2
	metrics.recording.level = INFO
	metrics.sample.window.ms = 30000
	receive.buffer.bytes = 65536
	reconnect.backoff.max.ms = 1000
	reconnect.backoff.ms = 50
	request.timeout.ms = 30000
	retries = 2147483647
	retry.backoff.max.ms = 1000
	retry.backoff.ms = 100
	sasl.client.callback.handler.class = null
	sasl.jaas.config = null
	sasl.kerberos.kinit.cmd = /usr/bin/kinit
	sasl.kerberos.min.time.before.relogin = 60000
	sasl.kerberos.service.name = null
	sasl.kerberos.ticket.renew.jitter = 0.05
	sasl.kerberos.ticket.renew.window.factor = 0.8
	sasl.login.callback.handler.class = null
	sasl.login.class = null
	sasl.login.connect.timeout.ms = null
	sasl.login.read.timeout.ms = null
	sasl.login.refresh.buffer.seconds = 300
	sasl.login.refresh.min.period.seconds = 60
	sasl.login.refresh.window.factor = 0.8
	sasl.login.refresh.window.jitter = 0.05
	sasl.login.retry.backoff.max.ms = 10000
	sasl.login.retry.backoff.ms = 100
	sasl.mechanism = GSSAPI
	sasl.oauthbearer.clock.skew.seconds = 30
	sasl.oauthbearer.expected.audience = null
	sasl.oauthbearer.expected.issuer = null
	sasl.oauthbearer.jwks.endpoint.refresh.ms = 3600000
	sasl.oauthbearer.jwks.endpoint.retry.backoff.max.ms = 10000
	sasl.oauthbearer.jwks.endpoint.retry.backoff.ms = 100
	sasl.oauthbearer.jwks.endpoint.url = null
	sasl.oauthbearer.scope.claim.name = scope
	sasl.oauthbearer.sub.claim.name = sub
	sasl.oauthbearer.token.endpoint.url = null
	security.protocol = PLAINTEXT
	security.providers = null
	send.buffer.bytes = 131072
	socket.connection.setup.timeout.max.ms = 30000
	socket.connection.setup.timeout.ms = 10000
	ssl.cipher.suites = null
	ssl.enabled.protocols = [TLSv1.2, TLSv1.3]
	ssl.endpoint.identification.algorithm = https
	ssl.engine.factory.class = null
	ssl.key.password = null
	ssl.keymanager.algorithm = SunX509
	ssl.keystore.certificate.chain = null
	ssl.keystore.key = null
	ssl.keystore.location = null
	ssl.keystore.password = null
	ssl.keystore.type = JKS
	ssl.protocol = TLSv1.3
	ssl.provider = null
	ssl.secure.random.implementation = null
	ssl.trustmanager.algorithm = PKIX
	ssl.truststore.certificates = null
	ssl.truststore.location = null
	ssl.truststore.password = null
	ssl.truststore.type = JKS

2024-11-01T12:37:17.953+05:30  INFO 39168 --- [Email_ms] [           main] o.a.kafka.common.utils.AppInfoParser     : Kafka version: 3.7.0
2024-11-01T12:37:17.953+05:30  INFO 39168 --- [Email_ms] [           main] o.a.kafka.common.utils.AppInfoParser     : Kafka commitId: 2ae524ed625438c5
2024-11-01T12:37:17.953+05:30  INFO 39168 --- [Email_ms] [           main] o.a.kafka.common.utils.AppInfoParser     : Kafka startTimeMs: 1730444837949
2024-11-01T12:37:17.984+05:30  INFO 39168 --- [Email_ms] [mail_ms-admin-0] org.apache.kafka.clients.NetworkClient   : [AdminClient clientId=Email_ms-admin-0] Node -1 disconnected.
2024-11-01T12:37:17.987+05:30  WARN 39168 --- [Email_ms] [mail_ms-admin-0] org.apache.kafka.clients.NetworkClient   : [AdminClient clientId=Email_ms-admin-0] Connection to node -1 (localhost/127.0.0.1:9092) could not be established. Node may not be available.
2024-11-01T12:37:18.095+05:30  INFO 39168 --- [Email_ms] [mail_ms-admin-0] org.apache.kafka.clients.NetworkClient   : [AdminClient clientId=Email_ms-admin-0] Node -1 disconnected.
2024-11-01T12:37:18.095+05:30  WARN 39168 --- [Email_ms] [mail_ms-admin-0] org.apache.kafka.clients.NetworkClient   : [AdminClient clientId=Email_ms-admin-0] Connection to node -1 (localhost/127.0.0.1:9092) could not be established. Node may not be available.
2024-11-01T12:37:18.204+05:30  INFO 39168 --- [Email_ms] [mail_ms-admin-0] org.apache.kafka.clients.NetworkClient   : [AdminClient clientId=Email_ms-admin-0] Node -1 disconnected.
2024-11-01T12:37:18.204+05:30  WARN 39168 --- [Email_ms] [mail_ms-admin-0] org.apache.kafka.clients.NetworkClient   : [AdminClient clientId=Email_ms-admin-0] Connection to node -1 (localhost/127.0.0.1:9092) could not be established. Node may not be available.
2024-11-01T12:37:18.420+05:30  INFO 39168 --- [Email_ms] [mail_ms-admin-0] org.apache.kafka.clients.NetworkClient   : [AdminClient clientId=Email_ms-admin-0] Node -1 disconnected.
2024-11-01T12:37:18.420+05:30  WARN 39168 --- [Email_ms] [mail_ms-admin-0] org.apache.kafka.clients.NetworkClient   : [AdminClient clientId=Email_ms-admin-0] Connection to node -1 (localhost/127.0.0.1:9092) could not be established. Node may not be available.
2024-11-01T12:37:18.964+05:30  INFO 39168 --- [Email_ms] [mail_ms-admin-0] org.apache.kafka.clients.NetworkClient   : [AdminClient clientId=Email_ms-admin-0] Node -1 disconnected.
2024-11-01T12:37:18.964+05:30  WARN 39168 --- [Email_ms] [mail_ms-admin-0] org.apache.kafka.clients.NetworkClient   : [AdminClient clientId=Email_ms-admin-0] Connection to node -1 (localhost/127.0.0.1:9092) could not be established. Node may not be available.
2024-11-01T12:37:19.834+05:30  INFO 39168 --- [Email_ms] [mail_ms-admin-0] org.apache.kafka.clients.NetworkClient   : [AdminClient clientId=Email_ms-admin-0] Node -1 disconnected.
2024-11-01T12:37:19.834+05:30  WARN 39168 --- [Email_ms] [mail_ms-admin-0] org.apache.kafka.clients.NetworkClient   : [AdminClient clientId=Email_ms-admin-0] Connection to node -1 (localhost/127.0.0.1:9092) could not be established. Node may not be available.
2024-11-01T12:37:20.927+05:30  INFO 39168 --- [Email_ms] [mail_ms-admin-0] org.apache.kafka.clients.NetworkClient   : [AdminClient clientId=Email_ms-admin-0] Node -1 disconnected.
2024-11-01T12:37:20.927+05:30  WARN 39168 --- [Email_ms] [mail_ms-admin-0] org.apache.kafka.clients.NetworkClient   : [AdminClient clientId=Email_ms-admin-0] Connection to node -1 (localhost/127.0.0.1:9092) could not be established. Node may not be available.
2024-11-01T12:37:22.017+05:30  INFO 39168 --- [Email_ms] [mail_ms-admin-0] org.apache.kafka.clients.NetworkClient   : [AdminClient clientId=Email_ms-admin-0] Node -1 disconnected.
2024-11-01T12:37:22.017+05:30  WARN 39168 --- [Email_ms] [mail_ms-admin-0] org.apache.kafka.clients.NetworkClient   : [AdminClient clientId=Email_ms-admin-0] Connection to node -1 (localhost/127.0.0.1:9092) could not be established. Node may not be available.
2024-11-01T12:37:23.106+05:30  INFO 39168 --- [Email_ms] [mail_ms-admin-0] org.apache.kafka.clients.NetworkClient   : [AdminClient clientId=Email_ms-admin-0] Node -1 disconnected.
2024-11-01T12:37:23.106+05:30  WARN 39168 --- [Email_ms] [mail_ms-admin-0] org.apache.kafka.clients.NetworkClient   : [AdminClient clientId=Email_ms-admin-0] Connection to node -1 (localhost/127.0.0.1:9092) could not be established. Node may not be available.
2024-11-01T12:37:24.199+05:30  INFO 39168 --- [Email_ms] [mail_ms-admin-0] org.apache.kafka.clients.NetworkClient   : [AdminClient clientId=Email_ms-admin-0] Node -1 disconnected.
2024-11-01T12:37:24.199+05:30  WARN 39168 --- [Email_ms] [mail_ms-admin-0] org.apache.kafka.clients.NetworkClient   : [AdminClient clientId=Email_ms-admin-0] Connection to node -1 (localhost/127.0.0.1:9092) could not be established. Node may not be available.
2024-11-01T12:37:25.074+05:30  INFO 39168 --- [Email_ms] [mail_ms-admin-0] org.apache.kafka.clients.NetworkClient   : [AdminClient clientId=Email_ms-admin-0] Node -1 disconnected.
2024-11-01T12:37:25.076+05:30  WARN 39168 --- [Email_ms] [mail_ms-admin-0] org.apache.kafka.clients.NetworkClient   : [AdminClient clientId=Email_ms-admin-0] Connection to node -1 (localhost/127.0.0.1:9092) could not be established. Node may not be available.
2024-11-01T12:37:26.057+05:30  INFO 39168 --- [Email_ms] [mail_ms-admin-0] org.apache.kafka.clients.NetworkClient   : [AdminClient clientId=Email_ms-admin-0] Node -1 disconnected.
2024-11-01T12:37:26.057+05:30  WARN 39168 --- [Email_ms] [mail_ms-admin-0] org.apache.kafka.clients.NetworkClient   : [AdminClient clientId=Email_ms-admin-0] Connection to node -1 (localhost/127.0.0.1:9092) could not be established. Node may not be available.
2024-11-01T12:37:27.146+05:30  INFO 39168 --- [Email_ms] [mail_ms-admin-0] org.apache.kafka.clients.NetworkClient   : [AdminClient clientId=Email_ms-admin-0] Node -1 disconnected.
2024-11-01T12:37:27.146+05:30  WARN 39168 --- [Email_ms] [mail_ms-admin-0] org.apache.kafka.clients.NetworkClient   : [AdminClient clientId=Email_ms-admin-0] Connection to node -1 (localhost/127.0.0.1:9092) could not be established. Node may not be available.
2024-11-01T12:37:28.238+05:30  INFO 39168 --- [Email_ms] [mail_ms-admin-0] org.apache.kafka.clients.NetworkClient   : [AdminClient clientId=Email_ms-admin-0] Node -1 disconnected.
2024-11-01T12:37:28.239+05:30  WARN 39168 --- [Email_ms] [mail_ms-admin-0] org.apache.kafka.clients.NetworkClient   : [AdminClient clientId=Email_ms-admin-0] Connection to node -1 (localhost/127.0.0.1:9092) could not be established. Node may not be available.
2024-11-01T12:37:29.222+05:30  INFO 39168 --- [Email_ms] [mail_ms-admin-0] org.apache.kafka.clients.NetworkClient   : [AdminClient clientId=Email_ms-admin-0] Node -1 disconnected.
2024-11-01T12:37:29.222+05:30  WARN 39168 --- [Email_ms] [mail_ms-admin-0] org.apache.kafka.clients.NetworkClient   : [AdminClient clientId=Email_ms-admin-0] Connection to node -1 (localhost/127.0.0.1:9092) could not be established. Node may not be available.
2024-11-01T12:37:30.308+05:30  INFO 39168 --- [Email_ms] [mail_ms-admin-0] org.apache.kafka.clients.NetworkClient   : [AdminClient clientId=Email_ms-admin-0] Node -1 disconnected.
2024-11-01T12:37:30.309+05:30  WARN 39168 --- [Email_ms] [mail_ms-admin-0] org.apache.kafka.clients.NetworkClient   : [AdminClient clientId=Email_ms-admin-0] Connection to node -1 (localhost/127.0.0.1:9092) could not be established. Node may not be available.
2024-11-01T12:37:31.401+05:30  INFO 39168 --- [Email_ms] [mail_ms-admin-0] org.apache.kafka.clients.NetworkClient   : [AdminClient clientId=Email_ms-admin-0] Node -1 disconnected.
2024-11-01T12:37:31.402+05:30  WARN 39168 --- [Email_ms] [mail_ms-admin-0] org.apache.kafka.clients.NetworkClient   : [AdminClient clientId=Email_ms-admin-0] Connection to node -1 (localhost/127.0.0.1:9092) could not be established. Node may not be available.
2024-11-01T12:37:32.490+05:30  INFO 39168 --- [Email_ms] [mail_ms-admin-0] org.apache.kafka.clients.NetworkClient   : [AdminClient clientId=Email_ms-admin-0] Node -1 disconnected.
2024-11-01T12:37:32.490+05:30  WARN 39168 --- [Email_ms] [mail_ms-admin-0] org.apache.kafka.clients.NetworkClient   : [AdminClient clientId=Email_ms-admin-0] Connection to node -1 (localhost/127.0.0.1:9092) could not be established. Node may not be available.
2024-11-01T12:37:33.466+05:30  INFO 39168 --- [Email_ms] [mail_ms-admin-0] org.apache.kafka.clients.NetworkClient   : [AdminClient clientId=Email_ms-admin-0] Node -1 disconnected.
2024-11-01T12:37:33.468+05:30  WARN 39168 --- [Email_ms] [mail_ms-admin-0] org.apache.kafka.clients.NetworkClient   : [AdminClient clientId=Email_ms-admin-0] Connection to node -1 (localhost/127.0.0.1:9092) could not be established. Node may not be available.
2024-11-01T12:37:34.556+05:30  INFO 39168 --- [Email_ms] [mail_ms-admin-0] org.apache.kafka.clients.NetworkClient   : [AdminClient clientId=Email_ms-admin-0] Node -1 disconnected.
2024-11-01T12:37:34.557+05:30  WARN 39168 --- [Email_ms] [mail_ms-admin-0] org.apache.kafka.clients.NetworkClient   : [AdminClient clientId=Email_ms-admin-0] Connection to node -1 (localhost/127.0.0.1:9092) could not be established. Node may not be available.
2024-11-01T12:37:35.550+05:30  INFO 39168 --- [Email_ms] [mail_ms-admin-0] org.apache.kafka.clients.NetworkClient   : [AdminClient clientId=Email_ms-admin-0] Node -1 disconnected.
2024-11-01T12:37:35.551+05:30  WARN 39168 --- [Email_ms] [mail_ms-admin-0] org.apache.kafka.clients.NetworkClient   : [AdminClient clientId=Email_ms-admin-0] Connection to node -1 (localhost/127.0.0.1:9092) could not be established. Node may not be available.
2024-11-01T12:37:36.644+05:30  INFO 39168 --- [Email_ms] [mail_ms-admin-0] org.apache.kafka.clients.NetworkClient   : [AdminClient clientId=Email_ms-admin-0] Node -1 disconnected.
2024-11-01T12:37:36.644+05:30  WARN 39168 --- [Email_ms] [mail_ms-admin-0] org.apache.kafka.clients.NetworkClient   : [AdminClient clientId=Email_ms-admin-0] Connection to node -1 (localhost/127.0.0.1:9092) could not be established. Node may not be available.
2024-11-01T12:37:37.515+05:30  INFO 39168 --- [Email_ms] [mail_ms-admin-0] org.apache.kafka.clients.NetworkClient   : [AdminClient clientId=Email_ms-admin-0] Node -1 disconnected.
2024-11-01T12:37:37.515+05:30  WARN 39168 --- [Email_ms] [mail_ms-admin-0] org.apache.kafka.clients.NetworkClient   : [AdminClient clientId=Email_ms-admin-0] Connection to node -1 (localhost/127.0.0.1:9092) could not be established. Node may not be available.
2024-11-01T12:37:38.499+05:30  INFO 39168 --- [Email_ms] [mail_ms-admin-0] org.apache.kafka.clients.NetworkClient   : [AdminClient clientId=Email_ms-admin-0] Node -1 disconnected.
2024-11-01T12:37:38.499+05:30  WARN 39168 --- [Email_ms] [mail_ms-admin-0] org.apache.kafka.clients.NetworkClient   : [AdminClient clientId=Email_ms-admin-0] Connection to node -1 (localhost/127.0.0.1:9092) could not be established. Node may not be available.
2024-11-01T12:37:39.588+05:30  INFO 39168 --- [Email_ms] [mail_ms-admin-0] org.apache.kafka.clients.NetworkClient   : [AdminClient clientId=Email_ms-admin-0] Node -1 disconnected.
2024-11-01T12:37:39.589+05:30  WARN 39168 --- [Email_ms] [mail_ms-admin-0] org.apache.kafka.clients.NetworkClient   : [AdminClient clientId=Email_ms-admin-0] Connection to node -1 (localhost/127.0.0.1:9092) could not be established. Node may not be available.
2024-11-01T12:37:40.679+05:30  INFO 39168 --- [Email_ms] [mail_ms-admin-0] org.apache.kafka.clients.NetworkClient   : [AdminClient clientId=Email_ms-admin-0] Node -1 disconnected.
2024-11-01T12:37:40.680+05:30  WARN 39168 --- [Email_ms] [mail_ms-admin-0] org.apache.kafka.clients.NetworkClient   : [AdminClient clientId=Email_ms-admin-0] Connection to node -1 (localhost/127.0.0.1:9092) could not be established. Node may not be available.
2024-11-01T12:37:41.771+05:30  INFO 39168 --- [Email_ms] [mail_ms-admin-0] org.apache.kafka.clients.NetworkClient   : [AdminClient clientId=Email_ms-admin-0] Node -1 disconnected.
2024-11-01T12:37:41.771+05:30  WARN 39168 --- [Email_ms] [mail_ms-admin-0] org.apache.kafka.clients.NetworkClient   : [AdminClient clientId=Email_ms-admin-0] Connection to node -1 (localhost/127.0.0.1:9092) could not be established. Node may not be available.
2024-11-01T12:37:42.864+05:30  INFO 39168 --- [Email_ms] [mail_ms-admin-0] org.apache.kafka.clients.NetworkClient   : [AdminClient clientId=Email_ms-admin-0] Node -1 disconnected.
2024-11-01T12:37:42.864+05:30  WARN 39168 --- [Email_ms] [mail_ms-admin-0] org.apache.kafka.clients.NetworkClient   : [AdminClient clientId=Email_ms-admin-0] Connection to node -1 (localhost/127.0.0.1:9092) could not be established. Node may not be available.
2024-11-01T12:37:43.850+05:30  INFO 39168 --- [Email_ms] [mail_ms-admin-0] org.apache.kafka.clients.NetworkClient   : [AdminClient clientId=Email_ms-admin-0] Node -1 disconnected.
2024-11-01T12:37:43.850+05:30  WARN 39168 --- [Email_ms] [mail_ms-admin-0] org.apache.kafka.clients.NetworkClient   : [AdminClient clientId=Email_ms-admin-0] Connection to node -1 (localhost/127.0.0.1:9092) could not be established. Node may not be available.
2024-11-01T12:37:44.832+05:30  INFO 39168 --- [Email_ms] [mail_ms-admin-0] org.apache.kafka.clients.NetworkClient   : [AdminClient clientId=Email_ms-admin-0] Node -1 disconnected.
2024-11-01T12:37:44.832+05:30  WARN 39168 --- [Email_ms] [mail_ms-admin-0] org.apache.kafka.clients.NetworkClient   : [AdminClient clientId=Email_ms-admin-0] Connection to node -1 (localhost/127.0.0.1:9092) could not be established. Node may not be available.
2024-11-01T12:37:45.923+05:30  INFO 39168 --- [Email_ms] [mail_ms-admin-0] org.apache.kafka.clients.NetworkClient   : [AdminClient clientId=Email_ms-admin-0] Node -1 disconnected.
2024-11-01T12:37:45.924+05:30  WARN 39168 --- [Email_ms] [mail_ms-admin-0] org.apache.kafka.clients.NetworkClient   : [AdminClient clientId=Email_ms-admin-0] Connection to node -1 (localhost/127.0.0.1:9092) could not be established. Node may not be available.
2024-11-01T12:37:46.906+05:30  INFO 39168 --- [Email_ms] [mail_ms-admin-0] org.apache.kafka.clients.NetworkClient   : [AdminClient clientId=Email_ms-admin-0] Node -1 disconnected.
2024-11-01T12:37:46.906+05:30  WARN 39168 --- [Email_ms] [mail_ms-admin-0] org.apache.kafka.clients.NetworkClient   : [AdminClient clientId=Email_ms-admin-0] Connection to node -1 (localhost/127.0.0.1:9092) could not be established. Node may not be available.
2024-11-01T12:37:47.967+05:30  INFO 39168 --- [Email_ms] [mail_ms-admin-0] o.a.k.c.a.i.AdminMetadataManager         : [AdminClient clientId=Email_ms-admin-0] Metadata update failed

org.apache.kafka.common.errors.TimeoutException: Timed out waiting for a node assignment. Call: fetchMetadata

2024-11-01T12:37:47.973+05:30  INFO 39168 --- [Email_ms] [mail_ms-admin-0] org.apache.kafka.clients.NetworkClient   : [AdminClient clientId=Email_ms-admin-0] Node -1 disconnected.
2024-11-01T12:37:47.967+05:30 ERROR 39168 --- [Email_ms] [           main] o.springframework.kafka.core.KafkaAdmin  : Could not configure topics

org.springframework.kafka.KafkaException: Timed out waiting to get existing topics
	at org.springframework.kafka.core.KafkaAdmin.lambda$checkPartitions$13(KafkaAdmin.java:539) ~[spring-kafka-3.2.1.jar:3.2.1]
	at java.base/java.util.HashMap.forEach(HashMap.java:1421) ~[na:na]
	at org.springframework.kafka.core.KafkaAdmin.checkPartitions(KafkaAdmin.java:518) ~[spring-kafka-3.2.1.jar:3.2.1]
	at org.springframework.kafka.core.KafkaAdmin.addOrModifyTopicsIfNeeded(KafkaAdmin.java:411) ~[spring-kafka-3.2.1.jar:3.2.1]
	at org.springframework.kafka.core.KafkaAdmin.initialize(KafkaAdmin.java:263) ~[spring-kafka-3.2.1.jar:3.2.1]
	at org.springframework.kafka.core.KafkaAdmin.afterSingletonsInstantiated(KafkaAdmin.java:227) ~[spring-kafka-3.2.1.jar:3.2.1]
	at org.springframework.beans.factory.support.DefaultListableBeanFactory.preInstantiateSingletons(DefaultListableBeanFactory.java:986) ~[spring-beans-6.1.10.jar:6.1.10]
	at org.springframework.context.support.AbstractApplicationContext.finishBeanFactoryInitialization(AbstractApplicationContext.java:962) ~[spring-context-6.1.10.jar:6.1.10]
	at org.springframework.context.support.AbstractApplicationContext.refresh(AbstractApplicationContext.java:624) ~[spring-context-6.1.10.jar:6.1.10]
	at org.springframework.boot.SpringApplication.refresh(SpringApplication.java:754) ~[spring-boot-3.3.1.jar:3.3.1]
	at org.springframework.boot.SpringApplication.refreshContext(SpringApplication.java:456) ~[spring-boot-3.3.1.jar:3.3.1]
	at org.springframework.boot.SpringApplication.run(SpringApplication.java:335) ~[spring-boot-3.3.1.jar:3.3.1]
	at org.springframework.boot.test.context.SpringBootContextLoader.lambda$loadContext$3(SpringBootContextLoader.java:137) ~[spring-boot-test-3.3.1.jar:3.3.1]
	at org.springframework.util.function.ThrowingSupplier.get(ThrowingSupplier.java:58) ~[spring-core-6.1.10.jar:6.1.10]
	at org.springframework.util.function.ThrowingSupplier.get(ThrowingSupplier.java:46) ~[spring-core-6.1.10.jar:6.1.10]
	at org.springframework.boot.SpringApplication.withHook(SpringApplication.java:1463) ~[spring-boot-3.3.1.jar:3.3.1]
	at org.springframework.boot.test.context.SpringBootContextLoader$ContextLoaderHook.run(SpringBootContextLoader.java:553) ~[spring-boot-test-3.3.1.jar:3.3.1]
	at org.springframework.boot.test.context.SpringBootContextLoader.loadContext(SpringBootContextLoader.java:137) ~[spring-boot-test-3.3.1.jar:3.3.1]
	at org.springframework.boot.test.context.SpringBootContextLoader.loadContext(SpringBootContextLoader.java:108) ~[spring-boot-test-3.3.1.jar:3.3.1]
	at org.springframework.test.context.cache.DefaultCacheAwareContextLoaderDelegate.loadContextInternal(DefaultCacheAwareContextLoaderDelegate.java:225) ~[spring-test-6.1.10.jar:6.1.10]
	at org.springframework.test.context.cache.DefaultCacheAwareContextLoaderDelegate.loadContext(DefaultCacheAwareContextLoaderDelegate.java:152) ~[spring-test-6.1.10.jar:6.1.10]
	at org.springframework.test.context.support.DefaultTestContext.getApplicationContext(DefaultTestContext.java:130) ~[spring-test-6.1.10.jar:6.1.10]
	at org.springframework.test.context.web.ServletTestExecutionListener.setUpRequestContextIfNecessary(ServletTestExecutionListener.java:191) ~[spring-test-6.1.10.jar:6.1.10]
	at org.springframework.test.context.web.ServletTestExecutionListener.prepareTestInstance(ServletTestExecutionListener.java:130) ~[spring-test-6.1.10.jar:6.1.10]
	at org.springframework.test.context.TestContextManager.prepareTestInstance(TestContextManager.java:260) ~[spring-test-6.1.10.jar:6.1.10]
	at org.springframework.test.context.junit.jupiter.SpringExtension.postProcessTestInstance(SpringExtension.java:163) ~[spring-test-6.1.10.jar:6.1.10]
	at org.junit.jupiter.engine.descriptor.ClassBasedTestDescriptor.lambda$invokeTestInstancePostProcessors$10(ClassBasedTestDescriptor.java:378) ~[junit-jupiter-engine-5.10.2.jar:5.10.2]
	at org.junit.jupiter.engine.descriptor.ClassBasedTestDescriptor.executeAndMaskThrowable(ClassBasedTestDescriptor.java:383) ~[junit-jupiter-engine-5.10.2.jar:5.10.2]
	at org.junit.jupiter.engine.descriptor.ClassBasedTestDescriptor.lambda$invokeTestInstancePostProcessors$11(ClassBasedTestDescriptor.java:378) ~[junit-jupiter-engine-5.10.2.jar:5.10.2]
	at java.base/java.util.stream.ReferencePipeline$3$1.accept(ReferencePipeline.java:197) ~[na:na]
	at java.base/java.util.stream.ReferencePipeline$2$1.accept(ReferencePipeline.java:179) ~[na:na]
	at java.base/java.util.ArrayList$ArrayListSpliterator.forEachRemaining(ArrayList.java:1625) ~[na:na]
	at java.base/java.util.stream.AbstractPipeline.copyInto(AbstractPipeline.java:509) ~[na:na]
	at java.base/java.util.stream.AbstractPipeline.wrapAndCopyInto(AbstractPipeline.java:499) ~[na:na]
	at java.base/java.util.stream.StreamSpliterators$WrappingSpliterator.forEachRemaining(StreamSpliterators.java:310) ~[na:na]
	at java.base/java.util.stream.Streams$ConcatSpliterator.forEachRemaining(Streams.java:735) ~[na:na]
	at java.base/java.util.stream.Streams$ConcatSpliterator.forEachRemaining(Streams.java:734) ~[na:na]
	at java.base/java.util.stream.ReferencePipeline$Head.forEach(ReferencePipeline.java:762) ~[na:na]
	at org.junit.jupiter.engine.descriptor.ClassBasedTestDescriptor.invokeTestInstancePostProcessors(ClassBasedTestDescriptor.java:377) ~[junit-jupiter-engine-5.10.2.jar:5.10.2]
	at org.junit.jupiter.engine.descriptor.ClassBasedTestDescriptor.lambda$instantiateAndPostProcessTestInstance$6(ClassBasedTestDescriptor.java:290) ~[junit-jupiter-engine-5.10.2.jar:5.10.2]
	at org.junit.platform.engine.support.hierarchical.ThrowableCollector.execute(ThrowableCollector.java:73) ~[junit-platform-engine-1.10.2.jar:1.10.2]
	at org.junit.jupiter.engine.descriptor.ClassBasedTestDescriptor.instantiateAndPostProcessTestInstance(ClassBasedTestDescriptor.java:289) ~[junit-jupiter-engine-5.10.2.jar:5.10.2]
	at org.junit.jupiter.engine.descriptor.ClassBasedTestDescriptor.lambda$testInstancesProvider$4(ClassBasedTestDescriptor.java:279) ~[junit-jupiter-engine-5.10.2.jar:5.10.2]
	at java.base/java.util.Optional.orElseGet(Optional.java:364) ~[na:na]
	at org.junit.jupiter.engine.descriptor.ClassBasedTestDescriptor.lambda$testInstancesProvider$5(ClassBasedTestDescriptor.java:278) ~[junit-jupiter-engine-5.10.2.jar:5.10.2]
	at org.junit.jupiter.engine.execution.TestInstancesProvider.getTestInstances(TestInstancesProvider.java:31) ~[junit-jupiter-engine-5.10.2.jar:5.10.2]
	at org.junit.jupiter.engine.descriptor.TestMethodTestDescriptor.lambda$prepare$0(TestMethodTestDescriptor.java:106) ~[junit-jupiter-engine-5.10.2.jar:5.10.2]
	at org.junit.platform.engine.support.hierarchical.ThrowableCollector.execute(ThrowableCollector.java:73) ~[junit-platform-engine-1.10.2.jar:1.10.2]
	at org.junit.jupiter.engine.descriptor.TestMethodTestDescriptor.prepare(TestMethodTestDescriptor.java:105) ~[junit-jupiter-engine-5.10.2.jar:5.10.2]
	at org.junit.jupiter.engine.descriptor.TestMethodTestDescriptor.prepare(TestMethodTestDescriptor.java:69) ~[junit-jupiter-engine-5.10.2.jar:5.10.2]
	at org.junit.platform.engine.support.hierarchical.NodeTestTask.lambda$prepare$2(NodeTestTask.java:123) ~[junit-platform-engine-1.10.2.jar:1.10.2]
	at org.junit.platform.engine.support.hierarchical.ThrowableCollector.execute(ThrowableCollector.java:73) ~[junit-platform-engine-1.10.2.jar:1.10.2]
	at org.junit.platform.engine.support.hierarchical.NodeTestTask.prepare(NodeTestTask.java:123) ~[junit-platform-engine-1.10.2.jar:1.10.2]
	at org.junit.platform.engine.support.hierarchical.NodeTestTask.execute(NodeTestTask.java:90) ~[junit-platform-engine-1.10.2.jar:1.10.2]
	at java.base/java.util.ArrayList.forEach(ArrayList.java:1511) ~[na:na]
	at org.junit.platform.engine.support.hierarchical.SameThreadHierarchicalTestExecutorService.invokeAll(SameThreadHierarchicalTestExecutorService.java:41) ~[junit-platform-engine-1.10.2.jar:1.10.2]
	at org.junit.platform.engine.support.hierarchical.NodeTestTask.lambda$executeRecursively$6(NodeTestTask.java:155) ~[junit-platform-engine-1.10.2.jar:1.10.2]
	at org.junit.platform.engine.support.hierarchical.ThrowableCollector.execute(ThrowableCollector.java:73) ~[junit-platform-engine-1.10.2.jar:1.10.2]
	at org.junit.platform.engine.support.hierarchical.NodeTestTask.lambda$executeRecursively$8(NodeTestTask.java:141) ~[junit-platform-engine-1.10.2.jar:1.10.2]
	at org.junit.platform.engine.support.hierarchical.Node.around(Node.java:137) ~[junit-platform-engine-1.10.2.jar:1.10.2]
	at org.junit.platform.engine.support.hierarchical.NodeTestTask.lambda$executeRecursively$9(NodeTestTask.java:139) ~[junit-platform-engine-1.10.2.jar:1.10.2]
	at org.junit.platform.engine.support.hierarchical.ThrowableCollector.execute(ThrowableCollector.java:73) ~[junit-platform-engine-1.10.2.jar:1.10.2]
	at org.junit.platform.engine.support.hierarchical.NodeTestTask.executeRecursively(NodeTestTask.java:138) ~[junit-platform-engine-1.10.2.jar:1.10.2]
	at org.junit.platform.engine.support.hierarchical.NodeTestTask.execute(NodeTestTask.java:95) ~[junit-platform-engine-1.10.2.jar:1.10.2]
	at java.base/java.util.ArrayList.forEach(ArrayList.java:1511) ~[na:na]
	at org.junit.platform.engine.support.hierarchical.SameThreadHierarchicalTestExecutorService.invokeAll(SameThreadHierarchicalTestExecutorService.java:41) ~[junit-platform-engine-1.10.2.jar:1.10.2]
	at org.junit.platform.engine.support.hierarchical.NodeTestTask.lambda$executeRecursively$6(NodeTestTask.java:155) ~[junit-platform-engine-1.10.2.jar:1.10.2]
	at org.junit.platform.engine.support.hierarchical.ThrowableCollector.execute(ThrowableCollector.java:73) ~[junit-platform-engine-1.10.2.jar:1.10.2]
	at org.junit.platform.engine.support.hierarchical.NodeTestTask.lambda$executeRecursively$8(NodeTestTask.java:141) ~[junit-platform-engine-1.10.2.jar:1.10.2]
	at org.junit.platform.engine.support.hierarchical.Node.around(Node.java:137) ~[junit-platform-engine-1.10.2.jar:1.10.2]
	at org.junit.platform.engine.support.hierarchical.NodeTestTask.lambda$executeRecursively$9(NodeTestTask.java:139) ~[junit-platform-engine-1.10.2.jar:1.10.2]
	at org.junit.platform.engine.support.hierarchical.ThrowableCollector.execute(ThrowableCollector.java:73) ~[junit-platform-engine-1.10.2.jar:1.10.2]
	at org.junit.platform.engine.support.hierarchical.NodeTestTask.executeRecursively(NodeTestTask.java:138) ~[junit-platform-engine-1.10.2.jar:1.10.2]
	at org.junit.platform.engine.support.hierarchical.NodeTestTask.execute(NodeTestTask.java:95) ~[junit-platform-engine-1.10.2.jar:1.10.2]
	at org.junit.platform.engine.support.hierarchical.SameThreadHierarchicalTestExecutorService.submit(SameThreadHierarchicalTestExecutorService.java:35) ~[junit-platform-engine-1.10.2.jar:1.10.2]
	at org.junit.platform.engine.support.hierarchical.HierarchicalTestExecutor.execute(HierarchicalTestExecutor.java:57) ~[junit-platform-engine-1.10.2.jar:1.10.2]
	at org.junit.platform.engine.support.hierarchical.HierarchicalTestEngine.execute(HierarchicalTestEngine.java:54) ~[junit-platform-engine-1.10.2.jar:1.10.2]
	at org.junit.platform.launcher.core.EngineExecutionOrchestrator.execute(EngineExecutionOrchestrator.java:198) ~[junit-platform-launcher-1.10.2.jar:1.10.2]
	at org.junit.platform.launcher.core.EngineExecutionOrchestrator.execute(EngineExecutionOrchestrator.java:169) ~[junit-platform-launcher-1.10.2.jar:1.10.2]
	at org.junit.platform.launcher.core.EngineExecutionOrchestrator.execute(EngineExecutionOrchestrator.java:93) ~[junit-platform-launcher-1.10.2.jar:1.10.2]
	at org.junit.platform.launcher.core.EngineExecutionOrchestrator.lambda$execute$0(EngineExecutionOrchestrator.java:58) ~[junit-platform-launcher-1.10.2.jar:1.10.2]
	at org.junit.platform.launcher.core.EngineExecutionOrchestrator.withInterceptedStreams(EngineExecutionOrchestrator.java:141) ~[junit-platform-launcher-1.10.2.jar:1.10.2]
	at org.junit.platform.launcher.core.EngineExecutionOrchestrator.execute(EngineExecutionOrchestrator.java:57) ~[junit-platform-launcher-1.10.2.jar:1.10.2]
	at org.junit.platform.launcher.core.DefaultLauncher.execute(DefaultLauncher.java:103) ~[junit-platform-launcher-1.10.2.jar:1.10.2]
	at org.junit.platform.launcher.core.DefaultLauncher.execute(DefaultLauncher.java:85) ~[junit-platform-launcher-1.10.2.jar:1.10.2]
	at org.junit.platform.launcher.core.DelegatingLauncher.execute(DelegatingLauncher.java:47) ~[junit-platform-launcher-1.10.2.jar:1.10.2]
	at org.apache.maven.surefire.junitplatform.LazyLauncher.execute(LazyLauncher.java:56) ~[surefire-junit-platform-3.2.5.jar:3.2.5]
	at org.apache.maven.surefire.junitplatform.JUnitPlatformProvider.execute(JUnitPlatformProvider.java:184) ~[surefire-junit-platform-3.2.5.jar:3.2.5]
	at org.apache.maven.surefire.junitplatform.JUnitPlatformProvider.invokeAllTests(JUnitPlatformProvider.java:148) ~[surefire-junit-platform-3.2.5.jar:3.2.5]
	at org.apache.maven.surefire.junitplatform.JUnitPlatformProvider.invoke(JUnitPlatformProvider.java:122) ~[surefire-junit-platform-3.2.5.jar:3.2.5]
	at org.apache.maven.surefire.booter.ForkedBooter.runSuitesInProcess(ForkedBooter.java:385) ~[surefire-booter-3.2.5.jar:3.2.5]
	at org.apache.maven.surefire.booter.ForkedBooter.execute(ForkedBooter.java:162) ~[surefire-booter-3.2.5.jar:3.2.5]
	at org.apache.maven.surefire.booter.ForkedBooter.run(ForkedBooter.java:507) ~[surefire-booter-3.2.5.jar:3.2.5]
	at org.apache.maven.surefire.booter.ForkedBooter.main(ForkedBooter.java:495) ~[surefire-booter-3.2.5.jar:3.2.5]
Caused by: java.util.concurrent.TimeoutException: null
	at java.base/java.util.concurrent.CompletableFuture.timedGet(CompletableFuture.java:1960) ~[na:na]
	at java.base/java.util.concurrent.CompletableFuture.get(CompletableFuture.java:2095) ~[na:na]
	at org.apache.kafka.common.internals.KafkaFutureImpl.get(KafkaFutureImpl.java:180) ~[kafka-clients-3.7.0.jar:na]
	at org.springframework.kafka.core.KafkaAdmin.lambda$checkPartitions$13(KafkaAdmin.java:521) ~[spring-kafka-3.2.1.jar:3.2.1]
	... 93 common frames omitted

2024-11-01T12:37:47.975+05:30  WARN 39168 --- [Email_ms] [mail_ms-admin-0] org.apache.kafka.clients.NetworkClient   : [AdminClient clientId=Email_ms-admin-0] Connection to node -1 (localhost/127.0.0.1:9092) could not be established. Node may not be available.
2024-11-01T12:37:49.076+05:30  INFO 39168 --- [Email_ms] [mail_ms-admin-0] org.apache.kafka.clients.NetworkClient   : [AdminClient clientId=Email_ms-admin-0] Node -1 disconnected.
2024-11-01T12:37:49.076+05:30  WARN 39168 --- [Email_ms] [mail_ms-admin-0] org.apache.kafka.clients.NetworkClient   : [AdminClient clientId=Email_ms-admin-0] Connection to node -1 (localhost/127.0.0.1:9092) could not be established. Node may not be available.
2024-11-01T12:37:50.167+05:30  INFO 39168 --- [Email_ms] [mail_ms-admin-0] org.apache.kafka.clients.NetworkClient   : [AdminClient clientId=Email_ms-admin-0] Node -1 disconnected.
2024-11-01T12:37:50.167+05:30  WARN 39168 --- [Email_ms] [mail_ms-admin-0] org.apache.kafka.clients.NetworkClient   : [AdminClient clientId=Email_ms-admin-0] Connection to node -1 (localhost/127.0.0.1:9092) could not be established. Node may not be available.
2024-11-01T12:37:51.039+05:30  INFO 39168 --- [Email_ms] [mail_ms-admin-0] org.apache.kafka.clients.NetworkClient   : [AdminClient clientId=Email_ms-admin-0] Node -1 disconnected.
2024-11-01T12:37:51.039+05:30  WARN 39168 --- [Email_ms] [mail_ms-admin-0] org.apache.kafka.clients.NetworkClient   : [AdminClient clientId=Email_ms-admin-0] Connection to node -1 (localhost/127.0.0.1:9092) could not be established. Node may not be available.
2024-11-01T12:37:52.022+05:30  INFO 39168 --- [Email_ms] [mail_ms-admin-0] org.apache.kafka.clients.NetworkClient   : [AdminClient clientId=Email_ms-admin-0] Node -1 disconnected.
2024-11-01T12:37:52.022+05:30  WARN 39168 --- [Email_ms] [mail_ms-admin-0] org.apache.kafka.clients.NetworkClient   : [AdminClient clientId=Email_ms-admin-0] Connection to node -1 (localhost/127.0.0.1:9092) could not be established. Node may not be available.
2024-11-01T12:37:53.116+05:30  INFO 39168 --- [Email_ms] [mail_ms-admin-0] org.apache.kafka.clients.NetworkClient   : [AdminClient clientId=Email_ms-admin-0] Node -1 disconnected.
2024-11-01T12:37:53.116+05:30  WARN 39168 --- [Email_ms] [mail_ms-admin-0] org.apache.kafka.clients.NetworkClient   : [AdminClient clientId=Email_ms-admin-0] Connection to node -1 (localhost/127.0.0.1:9092) could not be established. Node may not be available.
2024-11-01T12:37:54.101+05:30  INFO 39168 --- [Email_ms] [mail_ms-admin-0] org.apache.kafka.clients.NetworkClient   : [AdminClient clientId=Email_ms-admin-0] Node -1 disconnected.
2024-11-01T12:37:54.101+05:30  WARN 39168 --- [Email_ms] [mail_ms-admin-0] org.apache.kafka.clients.NetworkClient   : [AdminClient clientId=Email_ms-admin-0] Connection to node -1 (localhost/127.0.0.1:9092) could not be established. Node may not be available.
2024-11-01T12:37:54.975+05:30  INFO 39168 --- [Email_ms] [mail_ms-admin-0] org.apache.kafka.clients.NetworkClient   : [AdminClient clientId=Email_ms-admin-0] Node -1 disconnected.
2024-11-01T12:37:54.975+05:30  WARN 39168 --- [Email_ms] [mail_ms-admin-0] org.apache.kafka.clients.NetworkClient   : [AdminClient clientId=Email_ms-admin-0] Connection to node -1 (localhost/127.0.0.1:9092) could not be established. Node may not be available.
2024-11-01T12:37:55.961+05:30  INFO 39168 --- [Email_ms] [mail_ms-admin-0] org.apache.kafka.clients.NetworkClient   : [AdminClient clientId=Email_ms-admin-0] Node -1 disconnected.
2024-11-01T12:37:55.962+05:30  WARN 39168 --- [Email_ms] [mail_ms-admin-0] org.apache.kafka.clients.NetworkClient   : [AdminClient clientId=Email_ms-admin-0] Connection to node -1 (localhost/127.0.0.1:9092) could not be established. Node may not be available.
2024-11-01T12:37:57.047+05:30  INFO 39168 --- [Email_ms] [mail_ms-admin-0] org.apache.kafka.clients.NetworkClient   : [AdminClient clientId=Email_ms-admin-0] Node -1 disconnected.
2024-11-01T12:37:57.048+05:30  WARN 39168 --- [Email_ms] [mail_ms-admin-0] org.apache.kafka.clients.NetworkClient   : [AdminClient clientId=Email_ms-admin-0] Connection to node -1 (localhost/127.0.0.1:9092) could not be established. Node may not be available.
2024-11-01T12:37:57.985+05:30  INFO 39168 --- [Email_ms] [mail_ms-admin-0] o.a.k.clients.admin.KafkaAdminClient     : [AdminClient clientId=Email_ms-admin-0] Forcing a hard I/O thread shutdown. Requests in progress will be aborted.
2024-11-01T12:37:57.986+05:30  INFO 39168 --- [Email_ms] [mail_ms-admin-0] o.a.kafka.common.utils.AppInfoParser     : App info kafka.admin.client for Email_ms-admin-0 unregistered
2024-11-01T12:37:57.986+05:30  INFO 39168 --- [Email_ms] [mail_ms-admin-0] o.a.k.c.a.i.AdminMetadataManager         : [AdminClient clientId=Email_ms-admin-0] Metadata update failed

org.apache.kafka.common.errors.TimeoutException: The AdminClient thread has exited. Call: fetchMetadata

2024-11-01T12:37:57.987+05:30  INFO 39168 --- [Email_ms] [mail_ms-admin-0] o.a.k.clients.admin.KafkaAdminClient     : [AdminClient clientId=Email_ms-admin-0] Timed out 2 remaining operation(s) during close.
2024-11-01T12:37:57.996+05:30  INFO 39168 --- [Email_ms] [mail_ms-admin-0] o.apache.kafka.common.metrics.Metrics    : Metrics scheduler closed
2024-11-01T12:37:57.997+05:30  INFO 39168 --- [Email_ms] [mail_ms-admin-0] o.apache.kafka.common.metrics.Metrics    : Closing reporter org.apache.kafka.common.metrics.JmxReporter
2024-11-01T12:37:57.998+05:30  INFO 39168 --- [Email_ms] [mail_ms-admin-0] o.apache.kafka.common.metrics.Metrics    : Metrics reporters closed
2024-11-01T12:37:58.046+05:30  INFO 39168 --- [Email_ms] [           main] o.a.k.clients.consumer.ConsumerConfig    : ConsumerConfig values: 
	allow.auto.create.topics = true
	auto.commit.interval.ms = 5000
	auto.include.jmx.reporter = true
	auto.offset.reset = earliest
	bootstrap.servers = [localhost:29092]
	check.crcs = true
	client.dns.lookup = use_all_dns_ips
	client.id = consumer-massage-group-1
	client.rack = 
	connections.max.idle.ms = 540000
	default.api.timeout.ms = 60000
	enable.auto.commit = false
	enable.metrics.push = true
	exclude.internal.topics = true
	fetch.max.bytes = 52428800
	fetch.max.wait.ms = 500
	fetch.min.bytes = 1
	group.id = massage-group
	group.instance.id = null
	group.protocol = classic
	group.remote.assignor = null
	heartbeat.interval.ms = 3000
	interceptor.classes = []
	internal.leave.group.on.close = true
	internal.throw.on.fetch.stable.offset.unsupported = false
	isolation.level = read_uncommitted
	key.deserializer = class org.apache.kafka.common.serialization.StringDeserializer
	max.partition.fetch.bytes = 1048576
	max.poll.interval.ms = 300000
	max.poll.records = 500
	metadata.max.age.ms = 300000
	metric.reporters = []
	metrics.num.samples = 2
	metrics.recording.level = INFO
	metrics.sample.window.ms = 30000
	partition.assignment.strategy = [class org.apache.kafka.clients.consumer.RangeAssignor, class org.apache.kafka.clients.consumer.CooperativeStickyAssignor]
	receive.buffer.bytes = 65536
	reconnect.backoff.max.ms = 1000
	reconnect.backoff.ms = 50
	request.timeout.ms = 30000
	retry.backoff.max.ms = 1000
	retry.backoff.ms = 100
	sasl.client.callback.handler.class = null
	sasl.jaas.config = null
	sasl.kerberos.kinit.cmd = /usr/bin/kinit
	sasl.kerberos.min.time.before.relogin = 60000
	sasl.kerberos.service.name = null
	sasl.kerberos.ticket.renew.jitter = 0.05
	sasl.kerberos.ticket.renew.window.factor = 0.8
	sasl.login.callback.handler.class = null
	sasl.login.class = null
	sasl.login.connect.timeout.ms = null
	sasl.login.read.timeout.ms = null
	sasl.login.refresh.buffer.seconds = 300
	sasl.login.refresh.min.period.seconds = 60
	sasl.login.refresh.window.factor = 0.8
	sasl.login.refresh.window.jitter = 0.05
	sasl.login.retry.backoff.max.ms = 10000
	sasl.login.retry.backoff.ms = 100
	sasl.mechanism = GSSAPI
	sasl.oauthbearer.clock.skew.seconds = 30
	sasl.oauthbearer.expected.audience = null
	sasl.oauthbearer.expected.issuer = null
	sasl.oauthbearer.jwks.endpoint.refresh.ms = 3600000
	sasl.oauthbearer.jwks.endpoint.retry.backoff.max.ms = 10000
	sasl.oauthbearer.jwks.endpoint.retry.backoff.ms = 100
	sasl.oauthbearer.jwks.endpoint.url = null
	sasl.oauthbearer.scope.claim.name = scope
	sasl.oauthbearer.sub.claim.name = sub
	sasl.oauthbearer.token.endpoint.url = null
	security.protocol = PLAINTEXT
	security.providers = null
	send.buffer.bytes = 131072
	session.timeout.ms = 45000
	socket.connection.setup.timeout.max.ms = 30000
	socket.connection.setup.timeout.ms = 10000
	ssl.cipher.suites = null
	ssl.enabled.protocols = [TLSv1.2, TLSv1.3]
	ssl.endpoint.identification.algorithm = https
	ssl.engine.factory.class = null
	ssl.key.password = null
	ssl.keymanager.algorithm = SunX509
	ssl.keystore.certificate.chain = null
	ssl.keystore.key = null
	ssl.keystore.location = null
	ssl.keystore.password = null
	ssl.keystore.type = JKS
	ssl.protocol = TLSv1.3
	ssl.provider = null
	ssl.secure.random.implementation = null
	ssl.trustmanager.algorithm = PKIX
	ssl.truststore.certificates = null
	ssl.truststore.location = null
	ssl.truststore.password = null
	ssl.truststore.type = JKS
	value.deserializer = class org.apache.kafka.common.serialization.StringDeserializer

2024-11-01T12:37:58.132+05:30  INFO 39168 --- [Email_ms] [           main] o.a.k.c.t.i.KafkaMetricsCollector        : initializing Kafka metrics collector
2024-11-01T12:37:58.262+05:30  INFO 39168 --- [Email_ms] [           main] o.a.k.clients.consumer.ConsumerConfig    : These configurations '[spring.json.use.type.headers]' were supplied but are not used yet.
2024-11-01T12:37:58.262+05:30  INFO 39168 --- [Email_ms] [           main] o.a.kafka.common.utils.AppInfoParser     : Kafka version: 3.7.0
2024-11-01T12:37:58.262+05:30  INFO 39168 --- [Email_ms] [           main] o.a.kafka.common.utils.AppInfoParser     : Kafka commitId: 2ae524ed625438c5
2024-11-01T12:37:58.262+05:30  INFO 39168 --- [Email_ms] [           main] o.a.kafka.common.utils.AppInfoParser     : Kafka startTimeMs: 1730444878262
2024-11-01T12:37:58.267+05:30  INFO 39168 --- [Email_ms] [           main] o.a.k.c.c.internals.LegacyKafkaConsumer  : [Consumer clientId=consumer-massage-group-1, groupId=massage-group] Subscribed to topic(s): massage-request
2024-11-01T12:37:58.287+05:30  INFO 39168 --- [Email_ms] [           main] o.a.k.clients.consumer.ConsumerConfig    : ConsumerConfig values: 
	allow.auto.create.topics = true
	auto.commit.interval.ms = 5000
	auto.include.jmx.reporter = true
	auto.offset.reset = earliest
	bootstrap.servers = [localhost:29092]
	check.crcs = true
	client.dns.lookup = use_all_dns_ips
	client.id = consumer-email-group-2
	client.rack = 
	connections.max.idle.ms = 540000
	default.api.timeout.ms = 60000
	enable.auto.commit = false
	enable.metrics.push = true
	exclude.internal.topics = true
	fetch.max.bytes = 52428800
	fetch.max.wait.ms = 500
	fetch.min.bytes = 1
	group.id = email-group
	group.instance.id = null
	group.protocol = classic
	group.remote.assignor = null
	heartbeat.interval.ms = 3000
	interceptor.classes = []
	internal.leave.group.on.close = true
	internal.throw.on.fetch.stable.offset.unsupported = false
	isolation.level = read_uncommitted
	key.deserializer = class org.apache.kafka.common.serialization.StringDeserializer
	max.partition.fetch.bytes = 1048576
	max.poll.interval.ms = 300000
	max.poll.records = 500
	metadata.max.age.ms = 300000
	metric.reporters = []
	metrics.num.samples = 2
	metrics.recording.level = INFO
	metrics.sample.window.ms = 30000
	partition.assignment.strategy = [class org.apache.kafka.clients.consumer.RangeAssignor, class org.apache.kafka.clients.consumer.CooperativeStickyAssignor]
	receive.buffer.bytes = 65536
	reconnect.backoff.max.ms = 1000
	reconnect.backoff.ms = 50
	request.timeout.ms = 30000
	retry.backoff.max.ms = 1000
	retry.backoff.ms = 100
	sasl.client.callback.handler.class = null
	sasl.jaas.config = null
	sasl.kerberos.kinit.cmd = /usr/bin/kinit
	sasl.kerberos.min.time.before.relogin = 60000
	sasl.kerberos.service.name = null
	sasl.kerberos.ticket.renew.jitter = 0.05
	sasl.kerberos.ticket.renew.window.factor = 0.8
	sasl.login.callback.handler.class = null
	sasl.login.class = null
	sasl.login.connect.timeout.ms = null
	sasl.login.read.timeout.ms = null
	sasl.login.refresh.buffer.seconds = 300
	sasl.login.refresh.min.period.seconds = 60
	sasl.login.refresh.window.factor = 0.8
	sasl.login.refresh.window.jitter = 0.05
	sasl.login.retry.backoff.max.ms = 10000
	sasl.login.retry.backoff.ms = 100
	sasl.mechanism = GSSAPI
	sasl.oauthbearer.clock.skew.seconds = 30
	sasl.oauthbearer.expected.audience = null
	sasl.oauthbearer.expected.issuer = null
	sasl.oauthbearer.jwks.endpoint.refresh.ms = 3600000
	sasl.oauthbearer.jwks.endpoint.retry.backoff.max.ms = 10000
	sasl.oauthbearer.jwks.endpoint.retry.backoff.ms = 100
	sasl.oauthbearer.jwks.endpoint.url = null
	sasl.oauthbearer.scope.claim.name = scope
	sasl.oauthbearer.sub.claim.name = sub
	sasl.oauthbearer.token.endpoint.url = null
	security.protocol = PLAINTEXT
	security.providers = null
	send.buffer.bytes = 131072
	session.timeout.ms = 45000
	socket.connection.setup.timeout.max.ms = 30000
	socket.connection.setup.timeout.ms = 10000
	ssl.cipher.suites = null
	ssl.enabled.protocols = [TLSv1.2, TLSv1.3]
	ssl.endpoint.identification.algorithm = https
	ssl.engine.factory.class = null
	ssl.key.password = null
	ssl.keymanager.algorithm = SunX509
	ssl.keystore.certificate.chain = null
	ssl.keystore.key = null
	ssl.keystore.location = null
	ssl.keystore.password = null
	ssl.keystore.type = JKS
	ssl.protocol = TLSv1.3
	ssl.provider = null
	ssl.secure.random.implementation = null
	ssl.trustmanager.algorithm = PKIX
	ssl.truststore.certificates = null
	ssl.truststore.location = null
	ssl.truststore.password = null
	ssl.truststore.type = JKS
	value.deserializer = class org.apache.kafka.common.serialization.StringDeserializer

2024-11-01T12:37:58.288+05:30  INFO 39168 --- [Email_ms] [           main] o.a.k.c.t.i.KafkaMetricsCollector        : initializing Kafka metrics collector
2024-11-01T12:37:58.308+05:30  INFO 39168 --- [Email_ms] [           main] o.a.k.clients.consumer.ConsumerConfig    : These configurations '[spring.json.use.type.headers]' were supplied but are not used yet.
2024-11-01T12:37:58.309+05:30  INFO 39168 --- [Email_ms] [           main] o.a.kafka.common.utils.AppInfoParser     : Kafka version: 3.7.0
2024-11-01T12:37:58.309+05:30  INFO 39168 --- [Email_ms] [           main] o.a.kafka.common.utils.AppInfoParser     : Kafka commitId: 2ae524ed625438c5
2024-11-01T12:37:58.309+05:30  INFO 39168 --- [Email_ms] [           main] o.a.kafka.common.utils.AppInfoParser     : Kafka startTimeMs: 1730444878309
2024-11-01T12:37:58.310+05:30  INFO 39168 --- [Email_ms] [           main] o.a.k.c.c.internals.LegacyKafkaConsumer  : [Consumer clientId=consumer-email-group-2, groupId=email-group] Subscribed to topic(s): email-requests
2024-11-01T12:37:58.334+05:30  INFO 39168 --- [Email_ms] [           main] c.e.email_ms.EmailMsApplicationTests     : Started EmailMsApplicationTests in 57.093 seconds (process running for 59.642)
2024-11-01T12:37:59.174+05:30  INFO 39168 --- [Email_ms] [ntainer#1-0-C-1] org.apache.kafka.clients.NetworkClient   : [Consumer clientId=consumer-email-group-2, groupId=email-group] Node -1 disconnected.
2024-11-01T12:37:59.174+05:30  INFO 39168 --- [Email_ms] [ntainer#0-0-C-1] org.apache.kafka.clients.NetworkClient   : [Consumer clientId=consumer-massage-group-1, groupId=massage-group] Node -1 disconnected.
2024-11-01T12:37:59.174+05:30  WARN 39168 --- [Email_ms] [ntainer#1-0-C-1] org.apache.kafka.clients.NetworkClient   : [Consumer clientId=consumer-email-group-2, groupId=email-group] Connection to node -1 (localhost/127.0.0.1:29092) could not be established. Node may not be available.
2024-11-01T12:37:59.174+05:30  WARN 39168 --- [Email_ms] [ntainer#0-0-C-1] org.apache.kafka.clients.NetworkClient   : [Consumer clientId=consumer-massage-group-1, groupId=massage-group] Connection to node -1 (localhost/127.0.0.1:29092) could not be established. Node may not be available.
2024-11-01T12:37:59.175+05:30  WARN 39168 --- [Email_ms] [ntainer#0-0-C-1] org.apache.kafka.clients.NetworkClient   : [Consumer clientId=consumer-massage-group-1, groupId=massage-group] Bootstrap broker localhost:29092 (id: -1 rack: null) disconnected
2024-11-01T12:37:59.175+05:30  WARN 39168 --- [Email_ms] [ntainer#1-0-C-1] org.apache.kafka.clients.NetworkClient   : [Consumer clientId=consumer-email-group-2, groupId=email-group] Bootstrap broker localhost:29092 (id: -1 rack: null) disconnected
2024-11-01T12:37:59.283+05:30  INFO 39168 --- [Email_ms] [ntainer#1-0-C-1] org.apache.kafka.clients.NetworkClient   : [Consumer clientId=consumer-email-group-2, groupId=email-group] Node -1 disconnected.
2024-11-01T12:37:59.284+05:30  WARN 39168 --- [Email_ms] [ntainer#1-0-C-1] org.apache.kafka.clients.NetworkClient   : [Consumer clientId=consumer-email-group-2, groupId=email-group] Connection to node -1 (localhost/127.0.0.1:29092) could not be established. Node may not be available.
2024-11-01T12:37:59.284+05:30  WARN 39168 --- [Email_ms] [ntainer#1-0-C-1] org.apache.kafka.clients.NetworkClient   : [Consumer clientId=consumer-email-group-2, groupId=email-group] Bootstrap broker localhost:29092 (id: -1 rack: null) disconnected
2024-11-01T12:37:59.297+05:30  INFO 39168 --- [Email_ms] [ntainer#0-0-C-1] org.apache.kafka.clients.NetworkClient   : [Consumer clientId=consumer-massage-group-1, groupId=massage-group] Node -1 disconnected.
2024-11-01T12:37:59.297+05:30  WARN 39168 --- [Email_ms] [ntainer#0-0-C-1] org.apache.kafka.clients.NetworkClient   : [Consumer clientId=consumer-massage-group-1, groupId=massage-group] Connection to node -1 (localhost/127.0.0.1:29092) could not be established. Node may not be available.
2024-11-01T12:37:59.298+05:30  WARN 39168 --- [Email_ms] [ntainer#0-0-C-1] org.apache.kafka.clients.NetworkClient   : [Consumer clientId=consumer-massage-group-1, groupId=massage-group] Bootstrap broker localhost:29092 (id: -1 rack: null) disconnected
2024-11-01T12:37:59.407+05:30  INFO 39168 --- [Email_ms] [ntainer#1-0-C-1] org.apache.kafka.clients.NetworkClient   : [Consumer clientId=consumer-email-group-2, groupId=email-group] Node -1 disconnected.
2024-11-01T12:37:59.408+05:30  WARN 39168 --- [Email_ms] [ntainer#1-0-C-1] org.apache.kafka.clients.NetworkClient   : [Consumer clientId=consumer-email-group-2, groupId=email-group] Connection to node -1 (localhost/127.0.0.1:29092) could not be established. Node may not be available.
2024-11-01T12:37:59.408+05:30  WARN 39168 --- [Email_ms] [ntainer#1-0-C-1] org.apache.kafka.clients.NetworkClient   : [Consumer clientId=consumer-email-group-2, groupId=email-group] Bootstrap broker localhost:29092 (id: -1 rack: null) disconnected
2024-11-01T12:37:59.422+05:30  INFO 39168 --- [Email_ms] [ntainer#0-0-C-1] org.apache.kafka.clients.NetworkClient   : [Consumer clientId=consumer-massage-group-1, groupId=massage-group] Node -1 disconnected.
2024-11-01T12:37:59.423+05:30  WARN 39168 --- [Email_ms] [ntainer#0-0-C-1] org.apache.kafka.clients.NetworkClient   : [Consumer clientId=consumer-massage-group-1, groupId=massage-group] Connection to node -1 (localhost/127.0.0.1:29092) could not be established. Node may not be available.
2024-11-01T12:37:59.423+05:30  WARN 39168 --- [Email_ms] [ntainer#0-0-C-1] org.apache.kafka.clients.NetworkClient   : [Consumer clientId=consumer-massage-group-1, groupId=massage-group] Bootstrap broker localhost:29092 (id: -1 rack: null) disconnected
]]></system-out>
  </testcase>
</testsuite>