<?xml version="1.0" encoding="UTF-8"?>
<testsuite xmlns:xsi="http://www.w3.org/2001/XMLSchema-instance" xsi:noNamespaceSchemaLocation="https://maven.apache.org/surefire/maven-surefire-plugin/xsd/surefire-test-report-3.0.xsd" version="3.0" name="com.evotie.hyperledgerfabricclient_ms.HyperledgerFabricClientMsApplicationTests" time="13.526" tests="1" errors="0" skipped="0" failures="0">
  <properties>
[...]
</properties>
  <testcase name="contextLoads" classname="com.evotie.hyperledgerfabricclient_ms.HyperledgerFabricClientMsApplicationTests" time="1.891">
    <system-out><![CDATA[12:39:00.740 [main] INFO org.springframework.test.context.support.AnnotationConfigContextLoaderUtils -- Could not detect default configuration classes for test class [com.evotie.hyperledgerfabricclient_ms.HyperledgerFabricClientMsApplicationTests]: HyperledgerFabricClientMsApplicationTests does not declare any static, non-private, non-final, nested classes annotated with @Configuration.
12:39:00.958 [main] INFO org.springframework.boot.test.context.SpringBootTestContextBootstrapper -- Found @SpringBootConfiguration com.evotie.hyperledgerfabricclient_ms.HyperledgerFabricClientMsApplication for test class com.evotie.hyperledgerfabricclient_ms.HyperledgerFabricClientMsApplicationTests

  .   ____          _            __ _ _
 /\\ / ___'_ __ _ _(_)_ __  __ _ \ \ \ \
( ( )\___ | '_ | '_| | '_ \/ _` | \ \ \ \
 \\/  ___)| |_)| | | | | || (_| |  ) ) ) )
  '  |____| .__|_| |_|_| |_\__, | / / / /
 =========|_|==============|___/=/_/_/_/

 :: Spring Boot ::                (v3.3.4)

2024-11-01T12:39:03.467+05:30  INFO 1364 --- [HyperledgerFabricClient-ms] [           main] yperledgerFabricClientMsApplicationTests : Starting HyperledgerFabricClientMsApplicationTests using Java 17.0.10 with PID 1364 (started by ASUS in E:\31First Sem\E-Votie-Backend\HyperledgerFabricClient_ms)
2024-11-01T12:39:03.470+05:30  INFO 1364 --- [HyperledgerFabricClient-ms] [           main] yperledgerFabricClientMsApplicationTests : No active profile set, falling back to 1 default profile: "default"
2024-11-01T12:39:05.351+05:30  INFO 1364 --- [HyperledgerFabricClient-ms] [           main] o.s.cloud.context.scope.GenericScope     : BeanFactory id=6f548068-bd9d-3965-bcf7-0f68aaeebdef
2024-11-01T12:39:05.532+05:30  WARN 1364 --- [HyperledgerFabricClient-ms] [           main] trationDelegate$BeanPostProcessorChecker : Bean 'org.springframework.cloud.client.loadbalancer.LoadBalancerAutoConfiguration$DeferringLoadBalancerInterceptorConfig' of type [org.springframework.cloud.client.loadbalancer.LoadBalancerAutoConfiguration$DeferringLoadBalancerInterceptorConfig] is not eligible for getting processed by all BeanPostProcessors (for example: not eligible for auto-proxying). The currently created BeanPostProcessor [lbRestClientPostProcessor] is declared through a non-static factory method on that class; consider declaring it as static instead.
2024-11-01T12:39:05.541+05:30  WARN 1364 --- [HyperledgerFabricClient-ms] [           main] trationDelegate$BeanPostProcessorChecker : Bean 'deferringLoadBalancerInterceptor' of type [org.springframework.cloud.client.loadbalancer.DeferringLoadBalancerInterceptor] is not eligible for getting processed by all BeanPostProcessors (for example: not eligible for auto-proxying). Is this bean getting eagerly injected into a currently created BeanPostProcessor [lbRestClientPostProcessor]? Check the corresponding BeanPostProcessor declaration and its dependencies.
2024-11-01T12:39:07.200+05:30  WARN 1364 --- [HyperledgerFabricClient-ms] [           main] .s.s.UserDetailsServiceAutoConfiguration : 

Using generated security password: a698f35f-2fe4-4804-aedf-f5a75c17c261

This generated password is for development use only. Your security configuration must be updated before running your application in production.

2024-11-01T12:39:07.266+05:30  INFO 1364 --- [HyperledgerFabricClient-ms] [           main] r$InitializeUserDetailsManagerConfigurer : Global AuthenticationManager configured with UserDetailsService bean with name inMemoryUserDetailsManager
2024-11-01T12:39:09.108+05:30  INFO 1364 --- [HyperledgerFabricClient-ms] [           main] o.s.cloud.commons.util.InetUtils         : Cannot determine local hostname
2024-11-01T12:39:10.652+05:30  INFO 1364 --- [HyperledgerFabricClient-ms] [           main] o.s.cloud.commons.util.InetUtils         : Cannot determine local hostname
2024-11-01T12:39:10.693+05:30  INFO 1364 --- [HyperledgerFabricClient-ms] [           main] DiscoveryClientOptionalArgsConfiguration : Eureka HTTP Client uses RestTemplate.
2024-11-01T12:39:10.783+05:30  WARN 1364 --- [HyperledgerFabricClient-ms] [           main] iguration$LoadBalancerCaffeineWarnLogger : Spring Cloud LoadBalancer is currently working with the default cache. While this cache implementation is useful for development and tests, it's recommended to use Caffeine cache in production.You can switch to using Caffeine cache, by adding it and org.springframework.cache.caffeine.CaffeineCacheManager to the classpath.
2024-11-01T12:39:10.853+05:30  INFO 1364 --- [HyperledgerFabricClient-ms] [           main] o.s.c.n.eureka.InstanceInfoFactory       : Setting initial instance status as: STARTING
2024-11-01T12:39:10.927+05:30  INFO 1364 --- [HyperledgerFabricClient-ms] [           main] com.netflix.discovery.DiscoveryClient    : Initializing Eureka in region us-east-1
2024-11-01T12:39:10.944+05:30  INFO 1364 --- [HyperledgerFabricClient-ms] [           main] c.n.d.s.r.aws.ConfigClusterResolver      : Resolving eureka endpoints via configuration
2024-11-01T12:39:10.972+05:30  INFO 1364 --- [HyperledgerFabricClient-ms] [           main] com.netflix.discovery.DiscoveryClient    : Disable delta property : false
2024-11-01T12:39:10.973+05:30  INFO 1364 --- [HyperledgerFabricClient-ms] [           main] com.netflix.discovery.DiscoveryClient    : Single vip registry refresh property : null
2024-11-01T12:39:10.973+05:30  INFO 1364 --- [HyperledgerFabricClient-ms] [           main] com.netflix.discovery.DiscoveryClient    : Force full registry fetch : false
2024-11-01T12:39:10.973+05:30  INFO 1364 --- [HyperledgerFabricClient-ms] [           main] com.netflix.discovery.DiscoveryClient    : Application is null : false
2024-11-01T12:39:10.973+05:30  INFO 1364 --- [HyperledgerFabricClient-ms] [           main] com.netflix.discovery.DiscoveryClient    : Registered Applications size is zero : true
2024-11-01T12:39:10.974+05:30  INFO 1364 --- [HyperledgerFabricClient-ms] [           main] com.netflix.discovery.DiscoveryClient    : Application version is -1: true
2024-11-01T12:39:10.974+05:30  INFO 1364 --- [HyperledgerFabricClient-ms] [           main] com.netflix.discovery.DiscoveryClient    : Getting all instance registry info from the eureka server
2024-11-01T12:39:11.884+05:30  INFO 1364 --- [HyperledgerFabricClient-ms] [           main] com.netflix.discovery.DiscoveryClient    : The response status is 200
2024-11-01T12:39:11.889+05:30  INFO 1364 --- [HyperledgerFabricClient-ms] [           main] com.netflix.discovery.DiscoveryClient    : Starting heartbeat executor: renew interval is: 30
2024-11-01T12:39:11.892+05:30  INFO 1364 --- [HyperledgerFabricClient-ms] [           main] c.n.discovery.InstanceInfoReplicator     : InstanceInfoReplicator onDemand update allowed rate per min is 4
2024-11-01T12:39:11.896+05:30  INFO 1364 --- [HyperledgerFabricClient-ms] [           main] com.netflix.discovery.DiscoveryClient    : Discovery Client initialized at timestamp 1730444951895 with initial instances count: 2
2024-11-01T12:39:11.905+05:30  INFO 1364 --- [HyperledgerFabricClient-ms] [           main] o.s.c.n.e.s.EurekaServiceRegistry        : Registering application HYPERLEDGERFABRICCLIENT-MS with eureka with status UP
2024-11-01T12:39:11.907+05:30  INFO 1364 --- [HyperledgerFabricClient-ms] [           main] com.netflix.discovery.DiscoveryClient    : Saw local status change event StatusChangeEvent [timestamp=1730444951907, current=UP, previous=STARTING]
2024-11-01T12:39:11.912+05:30  INFO 1364 --- [HyperledgerFabricClient-ms] [foReplicator-%d] com.netflix.discovery.DiscoveryClient    : DiscoveryClient_HYPERLEDGERFABRICCLIENT-MS/localhost:HyperledgerFabricClient-ms:5008: registering service...
2024-11-01T12:39:11.936+05:30  INFO 1364 --- [HyperledgerFabricClient-ms] [           main] yperledgerFabricClientMsApplicationTests : Started HyperledgerFabricClientMsApplicationTests in 10.625 seconds (process running for 13.168)
2024-11-01T12:39:12.032+05:30  INFO 1364 --- [HyperledgerFabricClient-ms] [foReplicator-%d] com.netflix.discovery.DiscoveryClient    : DiscoveryClient_HYPERLEDGERFABRICCLIENT-MS/localhost:HyperledgerFabricClient-ms:5008 - registration status: 204
]]></system-out>
  </testcase>
</testsuite>